{"C:\\Users\\demiz\\ConnectSpace\\backend\\controllers\\auth.controller.js": {"path":"C:\\Users\\demiz\\ConnectSpace\\backend\\controllers\\auth.controller.js","statementMap":{"0":{"start":{"line":6,"column":22},"end":{"line":64,"column":1}},"1":{"start":{"line":7,"column":4},"end":{"line":63,"column":5}},"2":{"start":{"line":8,"column":56},"end":{"line":8,"column":64}},"3":{"start":{"line":9,"column":8},"end":{"line":9,"column":45}},"4":{"start":{"line":11,"column":27},"end":{"line":11,"column":55}},"5":{"start":{"line":12,"column":8},"end":{"line":14,"column":9}},"6":{"start":{"line":13,"column":12},"end":{"line":13,"column":75}},"7":{"start":{"line":16,"column":29},"end":{"line":16,"column":61}},"8":{"start":{"line":17,"column":8},"end":{"line":19,"column":9}},"9":{"start":{"line":18,"column":12},"end":{"line":18,"column":79}},"10":{"start":{"line":21,"column":30},"end":{"line":21,"column":59}},"11":{"start":{"line":22,"column":8},"end":{"line":24,"column":9}},"12":{"start":{"line":23,"column":12},"end":{"line":23,"column":76}},"13":{"start":{"line":26,"column":8},"end":{"line":30,"column":9}},"14":{"start":{"line":27,"column":12},"end":{"line":29,"column":14}},"15":{"start":{"line":32,"column":21},"end":{"line":32,"column":45}},"16":{"start":{"line":33,"column":31},"end":{"line":33,"column":64}},"17":{"start":{"line":35,"column":24},"end":{"line":40,"column":10}},"18":{"start":{"line":42,"column":8},"end":{"line":59,"column":9}},"19":{"start":{"line":43,"column":12},"end":{"line":43,"column":56}},"20":{"start":{"line":44,"column":12},"end":{"line":44,"column":33}},"21":{"start":{"line":45,"column":12},"end":{"line":54,"column":15}},"22":{"start":{"line":58,"column":12},"end":{"line":58,"column":65}},"23":{"start":{"line":61,"column":8},"end":{"line":61,"column":65}},"24":{"start":{"line":62,"column":8},"end":{"line":62,"column":65}},"25":{"start":{"line":66,"column":21},"end":{"line":94,"column":1}},"26":{"start":{"line":67,"column":4},"end":{"line":92,"column":5}},"27":{"start":{"line":68,"column":39},"end":{"line":68,"column":47}},"28":{"start":{"line":69,"column":21},"end":{"line":69,"column":53}},"29":{"start":{"line":70,"column":34},"end":{"line":70,"column":86}},"30":{"start":{"line":72,"column":8},"end":{"line":87,"column":9}},"31":{"start":{"line":73,"column":12},"end":{"line":73,"column":83}},"32":{"start":{"line":76,"column":12},"end":{"line":76,"column":53}},"33":{"start":{"line":77,"column":12},"end":{"line":86,"column":15}},"34":{"start":{"line":90,"column":8},"end":{"line":90,"column":64}},"35":{"start":{"line":91,"column":8},"end":{"line":91,"column":65}},"36":{"start":{"line":96,"column":22},"end":{"line":104,"column":6}},"37":{"start":{"line":97,"column":4},"end":{"line":104,"column":5}},"38":{"start":{"line":98,"column":8},"end":{"line":98,"column":45}},"39":{"start":{"line":99,"column":8},"end":{"line":99,"column":69}},"40":{"start":{"line":101,"column":8},"end":{"line":101,"column":65}},"41":{"start":{"line":102,"column":8},"end":{"line":102,"column":65}},"42":{"start":{"line":106,"column":21},"end":{"line":114,"column":1}},"43":{"start":{"line":107,"column":4},"end":{"line":113,"column":5}},"44":{"start":{"line":108,"column":21},"end":{"line":108,"column":74}},"45":{"start":{"line":109,"column":8},"end":{"line":109,"column":35}},"46":{"start":{"line":111,"column":8},"end":{"line":111,"column":64}},"47":{"start":{"line":112,"column":8},"end":{"line":112,"column":65}}},"fnMap":{"0":{"name":"(anonymous_0)","decl":{"start":{"line":6,"column":22},"end":{"line":6,"column":23}},"loc":{"start":{"line":6,"column":42},"end":{"line":64,"column":1}},"line":6},"1":{"name":"(anonymous_1)","decl":{"start":{"line":66,"column":21},"end":{"line":66,"column":22}},"loc":{"start":{"line":66,"column":41},"end":{"line":94,"column":1}},"line":66},"2":{"name":"(anonymous_2)","decl":{"start":{"line":96,"column":22},"end":{"line":96,"column":23}},"loc":{"start":{"line":96,"column":42},"end":{"line":104,"column":6}},"line":96},"3":{"name":"(anonymous_3)","decl":{"start":{"line":106,"column":21},"end":{"line":106,"column":22}},"loc":{"start":{"line":106,"column":41},"end":{"line":114,"column":1}},"line":106}},"branchMap":{"0":{"loc":{"start":{"line":12,"column":8},"end":{"line":14,"column":9}},"type":"if","locations":[{"start":{"line":12,"column":8},"end":{"line":14,"column":9}},{"start":{},"end":{}}],"line":12},"1":{"loc":{"start":{"line":17,"column":8},"end":{"line":19,"column":9}},"type":"if","locations":[{"start":{"line":17,"column":8},"end":{"line":19,"column":9}},{"start":{},"end":{}}],"line":17},"2":{"loc":{"start":{"line":22,"column":8},"end":{"line":24,"column":9}},"type":"if","locations":[{"start":{"line":22,"column":8},"end":{"line":24,"column":9}},{"start":{},"end":{}}],"line":22},"3":{"loc":{"start":{"line":26,"column":8},"end":{"line":30,"column":9}},"type":"if","locations":[{"start":{"line":26,"column":8},"end":{"line":30,"column":9}},{"start":{},"end":{}}],"line":26},"4":{"loc":{"start":{"line":42,"column":8},"end":{"line":59,"column":9}},"type":"if","locations":[{"start":{"line":42,"column":8},"end":{"line":59,"column":9}},{"start":{"line":57,"column":13},"end":{"line":59,"column":9}}],"line":42},"5":{"loc":{"start":{"line":70,"column":65},"end":{"line":70,"column":85}},"type":"binary-expr","locations":[{"start":{"line":70,"column":65},"end":{"line":70,"column":79}},{"start":{"line":70,"column":83},"end":{"line":70,"column":85}}],"line":70},"6":{"loc":{"start":{"line":72,"column":8},"end":{"line":87,"column":9}},"type":"if","locations":[{"start":{"line":72,"column":8},"end":{"line":87,"column":9}},{"start":{"line":75,"column":13},"end":{"line":87,"column":9}}],"line":72},"7":{"loc":{"start":{"line":72,"column":12},"end":{"line":72,"column":39}},"type":"binary-expr","locations":[{"start":{"line":72,"column":12},"end":{"line":72,"column":17}},{"start":{"line":72,"column":21},"end":{"line":72,"column":39}}],"line":72}},"s":{"0":1,"1":1,"2":1,"3":1,"4":1,"5":1,"6":1,"7":0,"8":0,"9":0,"10":0,"11":0,"12":0,"13":0,"14":0,"15":0,"16":0,"17":0,"18":0,"19":0,"20":0,"21":0,"22":0,"23":0,"24":0,"25":1,"26":0,"27":0,"28":0,"29":0,"30":0,"31":0,"32":0,"33":0,"34":0,"35":0,"36":1,"37":1,"38":1,"39":1,"40":0,"41":0,"42":1,"43":0,"44":0,"45":0,"46":0,"47":0},"f":{"0":1,"1":0,"2":1,"3":0},"b":{"0":[1,0],"1":[0,0],"2":[0,0],"3":[0,0],"4":[0,0],"5":[0,0],"6":[0,0],"7":[0,0]},"inputSourceMap":null,"_coverageSchema":"1a1c01bbd47fc00a2c39e90264f33305004495a9","hash":"81febf41a3b02e0cd66286536da9694c8c4c8d9c"}
,"C:\\Users\\demiz\\ConnectSpace\\backend\\lib\\utils\\generateToken.js": {"path":"C:\\Users\\demiz\\ConnectSpace\\backend\\lib\\utils\\generateToken.js","statementMap":{"0":{"start":{"line":3,"column":41},"end":{"line":15,"column":1}},"1":{"start":{"line":4,"column":18},"end":{"line":6,"column":6}},"2":{"start":{"line":8,"column":4},"end":{"line":14,"column":7}}},"fnMap":{"0":{"name":"(anonymous_0)","decl":{"start":{"line":3,"column":41},"end":{"line":3,"column":42}},"loc":{"start":{"line":3,"column":58},"end":{"line":15,"column":1}},"line":3}},"branchMap":{},"s":{"0":2,"1":2,"2":2},"f":{"0":2},"b":{},"inputSourceMap":null,"_coverageSchema":"1a1c01bbd47fc00a2c39e90264f33305004495a9","hash":"e7d7c794e04581a3d6b62a3f4ce92b7047484c06"}
,"C:\\Users\\demiz\\ConnectSpace\\backend\\middleware\\protectRoute.js": {"path":"C:\\Users\\demiz\\ConnectSpace\\backend\\middleware\\protectRoute.js","statementMap":{"0":{"start":{"line":4,"column":28},"end":{"line":30,"column":1}},"1":{"start":{"line":5,"column":4},"end":{"line":28,"column":5}},"2":{"start":{"line":6,"column":22},"end":{"line":6,"column":37}},"3":{"start":{"line":7,"column":8},"end":{"line":9,"column":3}},"4":{"start":{"line":8,"column":3},"end":{"line":8,"column":77}},"5":{"start":{"line":10,"column":24},"end":{"line":10,"column":65}},"6":{"start":{"line":11,"column":8},"end":{"line":13,"column":9}},"7":{"start":{"line":12,"column":12},"end":{"line":12,"column":82}},"8":{"start":{"line":15,"column":21},"end":{"line":15,"column":72}},"9":{"start":{"line":17,"column":2},"end":{"line":19,"column":3}},"10":{"start":{"line":18,"column":3},"end":{"line":18,"column":60}},"11":{"start":{"line":21,"column":2},"end":{"line":21,"column":18}},"12":{"start":{"line":22,"column":2},"end":{"line":22,"column":9}},"13":{"start":{"line":25,"column":8},"end":{"line":25,"column":66}},"14":{"start":{"line":26,"column":8},"end":{"line":26,"column":72}}},"fnMap":{"0":{"name":"(anonymous_0)","decl":{"start":{"line":4,"column":28},"end":{"line":4,"column":29}},"loc":{"start":{"line":4,"column":54},"end":{"line":30,"column":1}},"line":4}},"branchMap":{"0":{"loc":{"start":{"line":7,"column":8},"end":{"line":9,"column":3}},"type":"if","locations":[{"start":{"line":7,"column":8},"end":{"line":9,"column":3}},{"start":{},"end":{}}],"line":7},"1":{"loc":{"start":{"line":11,"column":8},"end":{"line":13,"column":9}},"type":"if","locations":[{"start":{"line":11,"column":8},"end":{"line":13,"column":9}},{"start":{},"end":{}}],"line":11},"2":{"loc":{"start":{"line":17,"column":2},"end":{"line":19,"column":3}},"type":"if","locations":[{"start":{"line":17,"column":2},"end":{"line":19,"column":3}},{"start":{},"end":{}}],"line":17}},"s":{"0":1,"1":1,"2":1,"3":1,"4":1,"5":0,"6":0,"7":0,"8":0,"9":0,"10":0,"11":0,"12":0,"13":0,"14":0},"f":{"0":1},"b":{"0":[1,0],"1":[0,0],"2":[0,0]},"inputSourceMap":null,"_coverageSchema":"1a1c01bbd47fc00a2c39e90264f33305004495a9","hash":"22d0ee9f6e0ad7b09e03af60a247b45fde488f30"}
,"C:\\Users\\demiz\\ConnectSpace\\backend\\models\\user.model.js": {"path":"C:\\Users\\demiz\\ConnectSpace\\backend\\models\\user.model.js","statementMap":{"0":{"start":{"line":3,"column":19},"end":{"line":68,"column":1}},"1":{"start":{"line":70,"column":13},"end":{"line":70,"column":47}}},"fnMap":{},"branchMap":{},"s":{"0":2,"1":2},"f":{},"b":{},"inputSourceMap":null,"_coverageSchema":"1a1c01bbd47fc00a2c39e90264f33305004495a9","hash":"7a6eb18905661ae05a49e8ba7f8ff0a164c0bf6a"}
}
